This is pdfTeX, Version 3.1415926-2.5-1.40.14 (MiKTeX 2.9) (preloaded format=pdftex 2014.6.16)  17 JUN 2016 14:27
entering extended mode
**C:/isbe/matlab_code/isbe/papers/2016miccai_flow/bib/miccai2016.bib
(C:/isbe/matlab_code/isbe/papers/2016miccai_flow/bib/miccai2016.bib
! Missing $ inserted.
<inserted text> 
                $
<to be read again> 
                   _
l.1 @article{Mayes_
                   etal_AR03,
? 
! Emergency stop.
<inserted text> 
                $
<to be read again> 
                   _
l.1 @article{Mayes_
                   etal_AR03,
End of file on the terminal!

!  ==> Fatal error occurred, no output PDF file produced!
